<?xml version="1.0" encoding="UTF-8"?>
<!-- Generated by org.testng.reporters.JUnitXMLReporter -->
<testsuite ignored="2" hostname="DESKTOP-RI1QVUN" failures="0" tests="7" name="Test" time="23.097" errors="0" timestamp="2026-05-05T19:00:05 IST">
  <testcase classname="tests.LoginTest" name="Validatelogin" time="0.639"/>
  <testcase classname="tests.LoginTest" name="validatetitle" time="0.03"/>
  <testcase classname="tests.ProductlistTest" name="validateproductincart" time="0.968"/>
  <testcase classname="tests.CartPageTest" name="validatecartpageTitle" time="1.328"/>
  <testcase classname="tests.CartPageTest" name="validateCartitemtitle" time="0.062"/>
  <testcase classname="tests.CartPageTest" name="validateItemprice" time="0.065"/>
  <testcase classname="tests.CartPageTest" name="checkoutbuttonclick" time="0.285"/>
  <testcase classname="base.BaseTest" name="@AfterTest generateReport" time="0.0">
    <ignored/>
  </testcase> <!-- @AfterTest generateReport -->
  <testcase classname="base.BaseTest" name="@AfterTest generateReport" time="0.0">
    <ignored/>
  </testcase> <!-- @AfterTest generateReport -->
</testsuite> <!-- Test -->
