<?xml version="1.0" encoding="UTF-8"?>
<!-- Generated by org.testng.reporters.JUnitXMLReporter -->
<testsuite ignored="3" hostname="DESKTOP-RI1QVUN" failures="0" tests="7" name="Test" time="14.674" errors="0" timestamp="2026-07-31T19:01:01 IST">
  <testcase classname="tests.LoginTest" name="Validatelogin" time="0.671"/>
  <testcase classname="tests.LoginTest" name="validatetitle" time="0.051"/>
  <testcase classname="tests.ProductlistTest" name="validateproductincart" time="1.779"/>
  <testcase classname="tests.CartPageTest" name="validatecartpageTitle" time="1.367"/>
  <testcase classname="tests.CartPageTest" name="validateCartitemtitle" time="0.044"/>
  <testcase classname="tests.CartPageTest" name="validateItemprice" time="0.043"/>
  <testcase classname="tests.CartPageTest" name="checkoutbuttonclick" time="0.186"/>
  <testcase classname="base.BaseTest" name="@AfterTest generateReport" time="0.0">
    <ignored/>
  </testcase> <!-- @AfterTest generateReport -->
  <testcase classname="base.BaseTest" name="@AfterTest generateReport" time="0.0">
    <ignored/>
  </testcase> <!-- @AfterTest generateReport -->
  <testcase classname="base.BaseTest" name="@AfterTest generateReport" time="0.0">
    <ignored/>
  </testcase> <!-- @AfterTest generateReport -->
</testsuite> <!-- Test -->
