<?xml version="1.0" encoding="UTF-8"?>
<!-- Generated by org.testng.reporters.JUnitXMLReporter -->
<testsuite ignored="2" hostname="DESKTOP-RI1QVUN" failures="0" tests="7" name="Test" time="13.186" errors="0" timestamp="2026-05-07T11:20:38 IST">
  <testcase classname="tests.LoginTest" name="Validatelogin" time="0.546"/>
  <testcase classname="tests.LoginTest" name="validatetitle" time="0.061"/>
  <testcase classname="tests.ProductlistTest" name="validateproductincart" time="1.54"/>
  <testcase classname="tests.CartPageTest" name="validatecartpageTitle" time="0.94"/>
  <testcase classname="tests.CartPageTest" name="validateCartitemtitle" time="0.029"/>
  <testcase classname="tests.CartPageTest" name="validateItemprice" time="0.028"/>
  <testcase classname="tests.CartPageTest" name="checkoutbuttonclick" time="0.206"/>
  <testcase classname="base.BaseTest" name="@AfterTest generateReport" time="0.0">
    <ignored/>
  </testcase> <!-- @AfterTest generateReport -->
  <testcase classname="base.BaseTest" name="@AfterTest generateReport" time="0.0">
    <ignored/>
  </testcase> <!-- @AfterTest generateReport -->
</testsuite> <!-- Test -->
