<?xml version="1.0" encoding="UTF-8"?>
<!-- Generated by org.testng.reporters.JUnitXMLReporter -->
<testsuite ignored="3" hostname="DESKTOP-RI1QVUN" failures="0" tests="8" name="Test" time="21.064" errors="0" timestamp="2026-07-31T19:07:03 IST">
  <testcase classname="tests.LoginTest" name="Validatelogin" time="0.626"/>
  <testcase classname="tests.LoginTest" name="validatetitle" time="0.046"/>
  <testcase classname="tests.ProductlistTest" name="validateproductincart" time="0.937"/>
  <testcase classname="tests.CartPageTest" name="validatecartpageTitle" time="1.001"/>
  <testcase classname="tests.CartPageTest" name="validateCartitemtitle" time="0.028"/>
  <testcase classname="tests.CartPageTest" name="validateItemprice" time="0.03"/>
  <testcase classname="tests.CartPageTest" name="checkoutbuttonclick" time="0.164"/>
  <testcase classname="tests.CheckoutpageTest" name="validatecheckoutpage" time="2.222"/>
  <testcase classname="base.BaseTest" name="@AfterTest generateReport" time="0.0">
    <ignored/>
  </testcase> <!-- @AfterTest generateReport -->
  <testcase classname="base.BaseTest" name="@AfterTest generateReport" time="0.0">
    <ignored/>
  </testcase> <!-- @AfterTest generateReport -->
  <testcase classname="base.BaseTest" name="@AfterTest generateReport" time="0.0">
    <ignored/>
  </testcase> <!-- @AfterTest generateReport -->
</testsuite> <!-- Test -->
