<?xml version="1.0" encoding="UTF-8"?>
<testng-results ignored="0" total="7" passed="7" failed="0" skipped="0">
  <reporter-output>
  </reporter-output>
  <suite started-at="2026-05-07T13:30:05 IST" name="Suite" finished-at="2026-05-07T13:30:27 IST" duration-ms="21661">
    <groups>
    </groups>
    <test started-at="2026-05-07T13:30:05 IST" name="Test" finished-at="2026-05-07T13:30:27 IST" duration-ms="21661">
      <class name="tests.LoginTest">
        <test-method is-config="true" signature="Setup()[pri:0, instance:tests.LoginTest@4466af20]" started-at="2026-05-07T13:30:05 IST" name="Setup" finished-at="2026-05-07T13:30:16 IST" duration-ms="10488" status="PASS">
          <reporter-output>
          </reporter-output>
        </test-method> <!-- Setup -->
        <test-method is-config="true" signature="starttest(java.lang.reflect.Method)[pri:0, instance:tests.LoginTest@4466af20]" started-at="2026-05-07T13:30:16 IST" name="starttest" finished-at="2026-05-07T13:30:16 IST" duration-ms="18" status="PASS">
          <params>
            <param index="0">
              <value>
                <![CDATA[public void tests.LoginTest.Validatelogin()]]>
              </value>
            </param>
          </params>
          <reporter-output>
          </reporter-output>
        </test-method> <!-- starttest -->
        <test-method signature="Validatelogin()[pri:0, instance:tests.LoginTest@4466af20]" started-at="2026-05-07T13:30:16 IST" name="Validatelogin" finished-at="2026-05-07T13:30:17 IST" duration-ms="641" status="PASS">
          <reporter-output>
          </reporter-output>
        </test-method> <!-- Validatelogin -->
        <test-method is-config="true" signature="teardown(org.testng.ITestResult)[pri:0, instance:tests.LoginTest@4466af20]" started-at="2026-05-07T13:30:17 IST" name="teardown" finished-at="2026-05-07T13:30:17 IST" duration-ms="15" status="PASS">
          <params>
            <param index="0">
              <value>
                <![CDATA[[TestResult name=Validatelogin status=SUCCESS method=LoginTest.Validatelogin()[pri:0, instance:tests.LoginTest@4466af20] output={null}]]]>
              </value>
            </param>
          </params>
          <reporter-output>
          </reporter-output>
        </test-method> <!-- teardown -->
        <test-method is-config="true" signature="starttest(java.lang.reflect.Method)[pri:0, instance:tests.LoginTest@4466af20]" started-at="2026-05-07T13:30:17 IST" name="starttest" finished-at="2026-05-07T13:30:17 IST" duration-ms="2" status="PASS">
          <params>
            <param index="0">
              <value>
                <![CDATA[public void tests.LoginTest.validatetitle()]]>
              </value>
            </param>
          </params>
          <reporter-output>
          </reporter-output>
        </test-method> <!-- starttest -->
        <test-method signature="validatetitle()[pri:1, instance:tests.LoginTest@4466af20]" started-at="2026-05-07T13:30:17 IST" name="validatetitle" finished-at="2026-05-07T13:30:17 IST" duration-ms="41" status="PASS">
          <reporter-output>
          </reporter-output>
        </test-method> <!-- validatetitle -->
        <test-method is-config="true" signature="teardown(org.testng.ITestResult)[pri:0, instance:tests.LoginTest@4466af20]" started-at="2026-05-07T13:30:17 IST" name="teardown" finished-at="2026-05-07T13:30:17 IST" duration-ms="1" status="PASS">
          <params>
            <param index="0">
              <value>
                <![CDATA[[TestResult name=validatetitle status=SUCCESS method=LoginTest.validatetitle()[pri:1, instance:tests.LoginTest@4466af20] output={null}]]]>
              </value>
            </param>
          </params>
          <reporter-output>
          </reporter-output>
        </test-method> <!-- teardown -->
        <test-method is-config="true" signature="generateReport()[pri:0, instance:tests.LoginTest@4466af20]" started-at="2026-05-07T13:30:26 IST" name="generateReport" finished-at="2026-05-07T13:30:27 IST" duration-ms="962" status="PASS">
          <reporter-output>
          </reporter-output>
        </test-method> <!-- generateReport -->
      </class> <!-- tests.LoginTest -->
      <class name="tests.CartPageTest">
        <test-method is-config="true" signature="Setup()[pri:0, instance:tests.CartPageTest@7b9a4292]" started-at="2026-05-07T13:30:21 IST" name="Setup" finished-at="2026-05-07T13:30:25 IST" duration-ms="4137" status="PASS">
          <reporter-output>
          </reporter-output>
        </test-method> <!-- Setup -->
        <test-method is-config="true" signature="starttest(java.lang.reflect.Method)[pri:0, instance:tests.CartPageTest@7b9a4292]" started-at="2026-05-07T13:30:25 IST" name="starttest" finished-at="2026-05-07T13:30:25 IST" duration-ms="1" status="PASS">
          <params>
            <param index="0">
              <value>
                <![CDATA[public void tests.CartPageTest.validatecartpageTitle()]]>
              </value>
            </param>
          </params>
          <reporter-output>
          </reporter-output>
        </test-method> <!-- starttest -->
        <test-method signature="validatecartpageTitle()[pri:1, instance:tests.CartPageTest@7b9a4292]" started-at="2026-05-07T13:30:25 IST" name="validatecartpageTitle" finished-at="2026-05-07T13:30:26 IST" duration-ms="1086" status="PASS">
          <reporter-output>
          </reporter-output>
        </test-method> <!-- validatecartpageTitle -->
        <test-method is-config="true" signature="teardown(org.testng.ITestResult)[pri:0, instance:tests.CartPageTest@7b9a4292]" started-at="2026-05-07T13:30:26 IST" name="teardown" finished-at="2026-05-07T13:30:26 IST" duration-ms="1" status="PASS">
          <params>
            <param index="0">
              <value>
                <![CDATA[[TestResult name=validatecartpageTitle status=SUCCESS method=CartPageTest.validatecartpageTitle()[pri:1, instance:tests.CartPageTest@7b9a4292] output={null}]]]>
              </value>
            </param>
          </params>
          <reporter-output>
          </reporter-output>
        </test-method> <!-- teardown -->
        <test-method is-config="true" signature="starttest(java.lang.reflect.Method)[pri:0, instance:tests.CartPageTest@7b9a4292]" started-at="2026-05-07T13:30:26 IST" name="starttest" finished-at="2026-05-07T13:30:26 IST" duration-ms="1" status="PASS">
          <params>
            <param index="0">
              <value>
                <![CDATA[public void tests.CartPageTest.validateCartitemtitle()]]>
              </value>
            </param>
          </params>
          <reporter-output>
          </reporter-output>
        </test-method> <!-- starttest -->
        <test-method signature="validateCartitemtitle()[pri:2, instance:tests.CartPageTest@7b9a4292]" started-at="2026-05-07T13:30:26 IST" name="validateCartitemtitle" finished-at="2026-05-07T13:30:26 IST" duration-ms="41" status="PASS">
          <reporter-output>
          </reporter-output>
        </test-method> <!-- validateCartitemtitle -->
        <test-method is-config="true" signature="teardown(org.testng.ITestResult)[pri:0, instance:tests.CartPageTest@7b9a4292]" started-at="2026-05-07T13:30:26 IST" name="teardown" finished-at="2026-05-07T13:30:26 IST" duration-ms="1" status="PASS">
          <params>
            <param index="0">
              <value>
                <![CDATA[[TestResult name=validateCartitemtitle status=SUCCESS method=CartPageTest.validateCartitemtitle()[pri:2, instance:tests.CartPageTest@7b9a4292] output={null}]]]>
              </value>
            </param>
          </params>
          <reporter-output>
          </reporter-output>
        </test-method> <!-- teardown -->
        <test-method is-config="true" signature="starttest(java.lang.reflect.Method)[pri:0, instance:tests.CartPageTest@7b9a4292]" started-at="2026-05-07T13:30:26 IST" name="starttest" finished-at="2026-05-07T13:30:26 IST" duration-ms="1" status="PASS">
          <params>
            <param index="0">
              <value>
                <![CDATA[public void tests.CartPageTest.validateItemprice()]]>
              </value>
            </param>
          </params>
          <reporter-output>
          </reporter-output>
        </test-method> <!-- starttest -->
        <test-method signature="validateItemprice()[pri:3, instance:tests.CartPageTest@7b9a4292]" started-at="2026-05-07T13:30:26 IST" name="validateItemprice" finished-at="2026-05-07T13:30:26 IST" duration-ms="50" status="PASS">
          <reporter-output>
          </reporter-output>
        </test-method> <!-- validateItemprice -->
        <test-method is-config="true" signature="teardown(org.testng.ITestResult)[pri:0, instance:tests.CartPageTest@7b9a4292]" started-at="2026-05-07T13:30:26 IST" name="teardown" finished-at="2026-05-07T13:30:26 IST" duration-ms="1" status="PASS">
          <params>
            <param index="0">
              <value>
                <![CDATA[[TestResult name=validateItemprice status=SUCCESS method=CartPageTest.validateItemprice()[pri:3, instance:tests.CartPageTest@7b9a4292] output={null}]]]>
              </value>
            </param>
          </params>
          <reporter-output>
          </reporter-output>
        </test-method> <!-- teardown -->
        <test-method signature="checkoutbuttonclick()[pri:4, instance:tests.CartPageTest@7b9a4292]" started-at="2026-05-07T13:30:26 IST" name="checkoutbuttonclick" finished-at="2026-05-07T13:30:26 IST" duration-ms="187" status="PASS">
          <reporter-output>
          </reporter-output>
        </test-method> <!-- checkoutbuttonclick -->
        <test-method is-config="true" signature="starttest(java.lang.reflect.Method)[pri:0, instance:tests.CartPageTest@7b9a4292]" started-at="2026-05-07T13:30:26 IST" name="starttest" finished-at="2026-05-07T13:30:26 IST" duration-ms="0" status="PASS">
          <params>
            <param index="0">
              <value>
                <![CDATA[public void tests.CartPageTest.checkoutbuttonclick()]]>
              </value>
            </param>
          </params>
          <reporter-output>
          </reporter-output>
        </test-method> <!-- starttest -->
        <test-method is-config="true" signature="teardown(org.testng.ITestResult)[pri:0, instance:tests.CartPageTest@7b9a4292]" started-at="2026-05-07T13:30:26 IST" name="teardown" finished-at="2026-05-07T13:30:26 IST" duration-ms="1" status="PASS">
          <params>
            <param index="0">
              <value>
                <![CDATA[[TestResult name=checkoutbuttonclick status=SUCCESS method=CartPageTest.checkoutbuttonclick()[pri:4, instance:tests.CartPageTest@7b9a4292] output={null}]]]>
              </value>
            </param>
          </params>
          <reporter-output>
          </reporter-output>
        </test-method> <!-- teardown -->
      </class> <!-- tests.CartPageTest -->
      <class name="tests.ProductlistTest">
        <test-method is-config="true" signature="Setup()[pri:0, instance:tests.ProductlistTest@79924b]" started-at="2026-05-07T13:30:17 IST" name="Setup" finished-at="2026-05-07T13:30:20 IST" duration-ms="2910" status="PASS">
          <reporter-output>
          </reporter-output>
        </test-method> <!-- Setup -->
        <test-method is-config="true" signature="starttest(java.lang.reflect.Method)[pri:0, instance:tests.ProductlistTest@79924b]" started-at="2026-05-07T13:30:20 IST" name="starttest" finished-at="2026-05-07T13:30:20 IST" duration-ms="1" status="PASS">
          <params>
            <param index="0">
              <value>
                <![CDATA[public void tests.ProductlistTest.validateproductincart()]]>
              </value>
            </param>
          </params>
          <reporter-output>
          </reporter-output>
        </test-method> <!-- starttest -->
        <test-method signature="validateproductincart()[pri:0, instance:tests.ProductlistTest@79924b]" started-at="2026-05-07T13:30:20 IST" name="validateproductincart" finished-at="2026-05-07T13:30:21 IST" duration-ms="954" status="PASS">
          <reporter-output>
          </reporter-output>
        </test-method> <!-- validateproductincart -->
        <test-method is-config="true" signature="teardown(org.testng.ITestResult)[pri:0, instance:tests.ProductlistTest@79924b]" started-at="2026-05-07T13:30:21 IST" name="teardown" finished-at="2026-05-07T13:30:21 IST" duration-ms="6" status="PASS">
          <params>
            <param index="0">
              <value>
                <![CDATA[[TestResult name=validateproductincart status=SUCCESS method=ProductlistTest.validateproductincart()[pri:0, instance:tests.ProductlistTest@79924b] output={null}]]]>
              </value>
            </param>
          </params>
          <reporter-output>
          </reporter-output>
        </test-method> <!-- teardown -->
      </class> <!-- tests.ProductlistTest -->
    </test> <!-- Test -->
  </suite> <!-- Suite -->
</testng-results>
