<?xml version="1.0" encoding="UTF-8"?>
<testsuite xmlns:xsi="http://www.w3.org/2001/XMLSchema-instance" xsi:noNamespaceSchemaLocation="https://maven.apache.org/surefire/maven-surefire-plugin/xsd/surefire-test-report-3.0.xsd" version="3.0" name="TestSuite" time="22.728" tests="7" errors="0" skipped="0" failures="0">
  <properties>
[...]
</properties>
  <testcase name="Validatelogin" classname="tests.LoginTest" time="0.643">
    <system-out><![CDATA[2026-05-07 13:30:16 [main] INFO  tests.LoginTest - username has entered
2026-05-07 13:30:16 [main] INFO  tests.LoginTest - password has entered
]]></system-out>
    <system-err><![CDATA[SLF4J(W): No SLF4J providers were found.
SLF4J(W): Defaulting to no-operation (NOP) logger implementation
SLF4J(W): See https://www.slf4j.org/codes.html#noProviders for further details.
May 07, 2026 1:30:13 PM org.openqa.selenium.devtools.CdpVersionFinder findNearestMatch
WARNING: Unable to find an exact match for CDP version 147, returning the closest version; found: 144; Please update to a Selenium version that supports CDP version 147
]]></system-err>
  </testcase>
  <testcase name="validatetitle" classname="tests.LoginTest" time="0.047">
    <system-out><![CDATA[2026-05-07 13:30:17 [main] INFO  tests.LoginTest - validateing the title
Swag Labs
2026-05-07 13:30:17 [main] INFO  tests.LoginTest - title validated
]]></system-out>
  </testcase>
  <testcase name="validateproductincart" classname="tests.ProductlistTest" time="0.958">
    <system-out><![CDATA[The Page title is:Products
]]></system-out>
    <system-err><![CDATA[May 07, 2026 1:30:18 PM org.openqa.selenium.devtools.CdpVersionFinder findNearestMatch
WARNING: Unable to find an exact match for CDP version 147, returning the closest version; found: 144; Please update to a Selenium version that supports CDP version 147
]]></system-err>
  </testcase>
  <testcase name="validatecartpageTitle" classname="tests.CartPageTest" time="1.084">
    <system-out><![CDATA[The Page title is:Products
2026-05-07 13:30:25 [main] INFO  tests.CartPageTest - validating the product page title
2026-05-07 13:30:26 [main] INFO  tests.CartPageTest - validateing the Cart page title
]]></system-out>
    <system-err><![CDATA[May 07, 2026 1:30:22 PM org.openqa.selenium.devtools.CdpVersionFinder findNearestMatch
WARNING: Unable to find an exact match for CDP version 147, returning the closest version; found: 144; Please update to a Selenium version that supports CDP version 147
]]></system-err>
  </testcase>
  <testcase name="validateCartitemtitle" classname="tests.CartPageTest" time="0.039"/>
  <testcase name="validateItemprice" classname="tests.CartPageTest" time="0.049"/>
  <testcase name="checkoutbuttonclick" classname="tests.CartPageTest" time="0.187"/>
</testsuite>