<?xml version="1.0" encoding="UTF-8"?>
<testng-results ignored="0" total="8" passed="8" failed="0" skipped="0">
  <reporter-output>
  </reporter-output>
  <suite started-at="2026-07-31T19:06:42 IST" name="Suite" finished-at="2026-07-31T19:07:03 IST" duration-ms="21064">
    <groups>
    </groups>
    <test started-at="2026-07-31T19:06:42 IST" name="Test" finished-at="2026-07-31T19:07:03 IST" duration-ms="21064">
      <class name="tests.LoginTest">
        <test-method is-config="true" signature="Setup()[pri:0, instance:tests.LoginTest@5b239d7d]" started-at="2026-07-31T19:06:42 IST" name="Setup" finished-at="2026-07-31T19:06:46 IST" duration-ms="4635" status="PASS">
          <reporter-output>
          </reporter-output>
        </test-method> <!-- Setup -->
        <test-method is-config="true" signature="starttest(java.lang.reflect.Method)[pri:0, instance:tests.LoginTest@5b239d7d]" started-at="2026-07-31T19:06:46 IST" name="starttest" finished-at="2026-07-31T19:06:46 IST" duration-ms="8" status="PASS">
          <params>
            <param index="0">
              <value>
                <![CDATA[public void tests.LoginTest.Validatelogin()]]>
              </value>
            </param>
          </params>
          <reporter-output>
          </reporter-output>
        </test-method> <!-- starttest -->
        <test-method signature="Validatelogin()[pri:0, instance:tests.LoginTest@5b239d7d]" started-at="2026-07-31T19:06:46 IST" name="Validatelogin" finished-at="2026-07-31T19:06:47 IST" duration-ms="626" status="PASS">
          <reporter-output>
          </reporter-output>
        </test-method> <!-- Validatelogin -->
        <test-method is-config="true" signature="teardown(org.testng.ITestResult)[pri:0, instance:tests.LoginTest@5b239d7d]" started-at="2026-07-31T19:06:47 IST" name="teardown" finished-at="2026-07-31T19:06:47 IST" duration-ms="7" status="PASS">
          <params>
            <param index="0">
              <value>
                <![CDATA[[TestResult name=Validatelogin status=SUCCESS method=LoginTest.Validatelogin()[pri:0, instance:tests.LoginTest@5b239d7d] output={null}]]]>
              </value>
            </param>
          </params>
          <reporter-output>
          </reporter-output>
        </test-method> <!-- teardown -->
        <test-method is-config="true" signature="starttest(java.lang.reflect.Method)[pri:0, instance:tests.LoginTest@5b239d7d]" started-at="2026-07-31T19:06:47 IST" name="starttest" finished-at="2026-07-31T19:06:47 IST" duration-ms="1" status="PASS">
          <params>
            <param index="0">
              <value>
                <![CDATA[public void tests.LoginTest.validatetitle()]]>
              </value>
            </param>
          </params>
          <reporter-output>
          </reporter-output>
        </test-method> <!-- starttest -->
        <test-method signature="validatetitle()[pri:1, instance:tests.LoginTest@5b239d7d]" started-at="2026-07-31T19:06:47 IST" name="validatetitle" finished-at="2026-07-31T19:06:47 IST" duration-ms="46" status="PASS">
          <reporter-output>
          </reporter-output>
        </test-method> <!-- validatetitle -->
        <test-method is-config="true" signature="teardown(org.testng.ITestResult)[pri:0, instance:tests.LoginTest@5b239d7d]" started-at="2026-07-31T19:06:47 IST" name="teardown" finished-at="2026-07-31T19:06:47 IST" duration-ms="1" status="PASS">
          <params>
            <param index="0">
              <value>
                <![CDATA[[TestResult name=validatetitle status=SUCCESS method=LoginTest.validatetitle()[pri:1, instance:tests.LoginTest@5b239d7d] output={null}]]]>
              </value>
            </param>
          </params>
          <reporter-output>
          </reporter-output>
        </test-method> <!-- teardown -->
        <test-method is-config="true" signature="generateReport()[pri:0, instance:tests.LoginTest@5b239d7d]" started-at="2026-07-31T19:07:02 IST" name="generateReport" finished-at="2026-07-31T19:07:03 IST" duration-ms="1119" status="PASS">
          <reporter-output>
          </reporter-output>
        </test-method> <!-- generateReport -->
      </class> <!-- tests.LoginTest -->
      <class name="tests.CartPageTest">
        <test-method is-config="true" signature="Setup()[pri:0, instance:tests.CartPageTest@515aebb0]" started-at="2026-07-31T19:06:51 IST" name="Setup" finished-at="2026-07-31T19:06:54 IST" duration-ms="2974" status="PASS">
          <reporter-output>
          </reporter-output>
        </test-method> <!-- Setup -->
        <test-method is-config="true" signature="starttest(java.lang.reflect.Method)[pri:0, instance:tests.CartPageTest@515aebb0]" started-at="2026-07-31T19:06:54 IST" name="starttest" finished-at="2026-07-31T19:06:54 IST" duration-ms="1" status="PASS">
          <params>
            <param index="0">
              <value>
                <![CDATA[public void tests.CartPageTest.validatecartpageTitle()]]>
              </value>
            </param>
          </params>
          <reporter-output>
          </reporter-output>
        </test-method> <!-- starttest -->
        <test-method signature="validatecartpageTitle()[pri:1, instance:tests.CartPageTest@515aebb0]" started-at="2026-07-31T19:06:54 IST" name="validatecartpageTitle" finished-at="2026-07-31T19:06:55 IST" duration-ms="1001" status="PASS">
          <reporter-output>
          </reporter-output>
        </test-method> <!-- validatecartpageTitle -->
        <test-method is-config="true" signature="teardown(org.testng.ITestResult)[pri:0, instance:tests.CartPageTest@515aebb0]" started-at="2026-07-31T19:06:55 IST" name="teardown" finished-at="2026-07-31T19:06:55 IST" duration-ms="1" status="PASS">
          <params>
            <param index="0">
              <value>
                <![CDATA[[TestResult name=validatecartpageTitle status=SUCCESS method=CartPageTest.validatecartpageTitle()[pri:1, instance:tests.CartPageTest@515aebb0] output={null}]]]>
              </value>
            </param>
          </params>
          <reporter-output>
          </reporter-output>
        </test-method> <!-- teardown -->
        <test-method is-config="true" signature="starttest(java.lang.reflect.Method)[pri:0, instance:tests.CartPageTest@515aebb0]" started-at="2026-07-31T19:06:55 IST" name="starttest" finished-at="2026-07-31T19:06:55 IST" duration-ms="1" status="PASS">
          <params>
            <param index="0">
              <value>
                <![CDATA[public void tests.CartPageTest.validateCartitemtitle()]]>
              </value>
            </param>
          </params>
          <reporter-output>
          </reporter-output>
        </test-method> <!-- starttest -->
        <test-method signature="validateCartitemtitle()[pri:2, instance:tests.CartPageTest@515aebb0]" started-at="2026-07-31T19:06:55 IST" name="validateCartitemtitle" finished-at="2026-07-31T19:06:55 IST" duration-ms="28" status="PASS">
          <reporter-output>
          </reporter-output>
        </test-method> <!-- validateCartitemtitle -->
        <test-method is-config="true" signature="teardown(org.testng.ITestResult)[pri:0, instance:tests.CartPageTest@515aebb0]" started-at="2026-07-31T19:06:55 IST" name="teardown" finished-at="2026-07-31T19:06:55 IST" duration-ms="1" status="PASS">
          <params>
            <param index="0">
              <value>
                <![CDATA[[TestResult name=validateCartitemtitle status=SUCCESS method=CartPageTest.validateCartitemtitle()[pri:2, instance:tests.CartPageTest@515aebb0] output={null}]]]>
              </value>
            </param>
          </params>
          <reporter-output>
          </reporter-output>
        </test-method> <!-- teardown -->
        <test-method is-config="true" signature="starttest(java.lang.reflect.Method)[pri:0, instance:tests.CartPageTest@515aebb0]" started-at="2026-07-31T19:06:55 IST" name="starttest" finished-at="2026-07-31T19:06:55 IST" duration-ms="0" status="PASS">
          <params>
            <param index="0">
              <value>
                <![CDATA[public void tests.CartPageTest.validateItemprice()]]>
              </value>
            </param>
          </params>
          <reporter-output>
          </reporter-output>
        </test-method> <!-- starttest -->
        <test-method signature="validateItemprice()[pri:3, instance:tests.CartPageTest@515aebb0]" started-at="2026-07-31T19:06:55 IST" name="validateItemprice" finished-at="2026-07-31T19:06:55 IST" duration-ms="30" status="PASS">
          <reporter-output>
          </reporter-output>
        </test-method> <!-- validateItemprice -->
        <test-method is-config="true" signature="teardown(org.testng.ITestResult)[pri:0, instance:tests.CartPageTest@515aebb0]" started-at="2026-07-31T19:06:55 IST" name="teardown" finished-at="2026-07-31T19:06:55 IST" duration-ms="1" status="PASS">
          <params>
            <param index="0">
              <value>
                <![CDATA[[TestResult name=validateItemprice status=SUCCESS method=CartPageTest.validateItemprice()[pri:3, instance:tests.CartPageTest@515aebb0] output={null}]]]>
              </value>
            </param>
          </params>
          <reporter-output>
          </reporter-output>
        </test-method> <!-- teardown -->
        <test-method is-config="true" signature="starttest(java.lang.reflect.Method)[pri:0, instance:tests.CartPageTest@515aebb0]" started-at="2026-07-31T19:06:55 IST" name="starttest" finished-at="2026-07-31T19:06:55 IST" duration-ms="1" status="PASS">
          <params>
            <param index="0">
              <value>
                <![CDATA[public void tests.CartPageTest.checkoutbuttonclick()]]>
              </value>
            </param>
          </params>
          <reporter-output>
          </reporter-output>
        </test-method> <!-- starttest -->
        <test-method signature="checkoutbuttonclick()[pri:4, instance:tests.CartPageTest@515aebb0]" started-at="2026-07-31T19:06:55 IST" name="checkoutbuttonclick" finished-at="2026-07-31T19:06:55 IST" duration-ms="164" status="PASS">
          <reporter-output>
          </reporter-output>
        </test-method> <!-- checkoutbuttonclick -->
        <test-method is-config="true" signature="teardown(org.testng.ITestResult)[pri:0, instance:tests.CartPageTest@515aebb0]" started-at="2026-07-31T19:06:55 IST" name="teardown" finished-at="2026-07-31T19:06:55 IST" duration-ms="0" status="PASS">
          <params>
            <param index="0">
              <value>
                <![CDATA[[TestResult name=checkoutbuttonclick status=SUCCESS method=CartPageTest.checkoutbuttonclick()[pri:4, instance:tests.CartPageTest@515aebb0] output={null}]]]>
              </value>
            </param>
          </params>
          <reporter-output>
          </reporter-output>
        </test-method> <!-- teardown -->
      </class> <!-- tests.CartPageTest -->
      <class name="tests.ProductlistTest">
        <test-method is-config="true" signature="Setup()[pri:0, instance:tests.ProductlistTest@37afeb11]" started-at="2026-07-31T19:06:47 IST" name="Setup" finished-at="2026-07-31T19:06:50 IST" duration-ms="3181" status="PASS">
          <reporter-output>
          </reporter-output>
        </test-method> <!-- Setup -->
        <test-method is-config="true" signature="starttest(java.lang.reflect.Method)[pri:0, instance:tests.ProductlistTest@37afeb11]" started-at="2026-07-31T19:06:50 IST" name="starttest" finished-at="2026-07-31T19:06:50 IST" duration-ms="1" status="PASS">
          <params>
            <param index="0">
              <value>
                <![CDATA[public void tests.ProductlistTest.validateproductincart()]]>
              </value>
            </param>
          </params>
          <reporter-output>
          </reporter-output>
        </test-method> <!-- starttest -->
        <test-method signature="validateproductincart()[pri:0, instance:tests.ProductlistTest@37afeb11]" started-at="2026-07-31T19:06:50 IST" name="validateproductincart" finished-at="2026-07-31T19:06:51 IST" duration-ms="937" status="PASS">
          <reporter-output>
          </reporter-output>
        </test-method> <!-- validateproductincart -->
        <test-method is-config="true" signature="teardown(org.testng.ITestResult)[pri:0, instance:tests.ProductlistTest@37afeb11]" started-at="2026-07-31T19:06:51 IST" name="teardown" finished-at="2026-07-31T19:06:51 IST" duration-ms="1" status="PASS">
          <params>
            <param index="0">
              <value>
                <![CDATA[[TestResult name=validateproductincart status=SUCCESS method=ProductlistTest.validateproductincart()[pri:0, instance:tests.ProductlistTest@37afeb11] output={null}]]]>
              </value>
            </param>
          </params>
          <reporter-output>
          </reporter-output>
        </test-method> <!-- teardown -->
      </class> <!-- tests.ProductlistTest -->
      <class name="tests.CheckoutpageTest">
        <test-method is-config="true" signature="Setup()[pri:0, instance:tests.CheckoutpageTest@dd8ba08]" started-at="2026-07-31T19:06:55 IST" name="Setup" finished-at="2026-07-31T19:06:59 IST" duration-ms="3974" status="PASS">
          <reporter-output>
          </reporter-output>
        </test-method> <!-- Setup -->
        <test-method is-config="true" signature="starttest(java.lang.reflect.Method)[pri:0, instance:tests.CheckoutpageTest@dd8ba08]" started-at="2026-07-31T19:06:59 IST" name="starttest" finished-at="2026-07-31T19:06:59 IST" duration-ms="1" status="PASS">
          <params>
            <param index="0">
              <value>
                <![CDATA[public void tests.CheckoutpageTest.validatecheckoutpage()]]>
              </value>
            </param>
          </params>
          <reporter-output>
          </reporter-output>
        </test-method> <!-- starttest -->
        <test-method signature="validatecheckoutpage()[pri:0, instance:tests.CheckoutpageTest@dd8ba08]" started-at="2026-07-31T19:06:59 IST" name="validatecheckoutpage" finished-at="2026-07-31T19:07:02 IST" duration-ms="2222" status="PASS">
          <reporter-output>
          </reporter-output>
        </test-method> <!-- validatecheckoutpage -->
        <test-method is-config="true" signature="teardown(org.testng.ITestResult)[pri:0, instance:tests.CheckoutpageTest@dd8ba08]" started-at="2026-07-31T19:07:02 IST" name="teardown" finished-at="2026-07-31T19:07:02 IST" duration-ms="2" status="PASS">
          <params>
            <param index="0">
              <value>
                <![CDATA[[TestResult name=validatecheckoutpage status=SUCCESS method=CheckoutpageTest.validatecheckoutpage()[pri:0, instance:tests.CheckoutpageTest@dd8ba08] output={null}]]]>
              </value>
            </param>
          </params>
          <reporter-output>
          </reporter-output>
        </test-method> <!-- teardown -->
      </class> <!-- tests.CheckoutpageTest -->
    </test> <!-- Test -->
  </suite> <!-- Suite -->
</testng-results>
