<?xml version="1.0" encoding="UTF-8"?>
<testng-results ignored="0" total="7" passed="7" failed="0" skipped="0">
  <reporter-output>
  </reporter-output>
  <suite started-at="2026-05-05T18:59:42 IST" name="Suite" finished-at="2026-05-05T19:00:05 IST" duration-ms="23097">
    <groups>
    </groups>
    <test started-at="2026-05-05T18:59:42 IST" name="Test" finished-at="2026-05-05T19:00:05 IST" duration-ms="23097">
      <class name="tests.LoginTest">
        <test-method is-config="true" signature="Setup()[pri:0, instance:tests.LoginTest@3c41ed1d]" started-at="2026-05-05T18:59:42 IST" name="Setup" finished-at="2026-05-05T18:59:49 IST" duration-ms="6604" status="PASS">
          <reporter-output>
          </reporter-output>
        </test-method> <!-- Setup -->
        <test-method is-config="true" signature="starttest(java.lang.reflect.Method)[pri:0, instance:tests.LoginTest@3c41ed1d]" started-at="2026-05-05T18:59:49 IST" name="starttest" finished-at="2026-05-05T18:59:49 IST" duration-ms="8" status="PASS">
          <params>
            <param index="0">
              <value>
                <![CDATA[public void tests.LoginTest.Validatelogin()]]>
              </value>
            </param>
          </params>
          <reporter-output>
          </reporter-output>
        </test-method> <!-- starttest -->
        <test-method signature="Validatelogin()[pri:0, instance:tests.LoginTest@3c41ed1d]" started-at="2026-05-05T18:59:49 IST" name="Validatelogin" finished-at="2026-05-05T18:59:49 IST" duration-ms="639" status="PASS">
          <reporter-output>
          </reporter-output>
        </test-method> <!-- Validatelogin -->
        <test-method is-config="true" signature="teardown(org.testng.ITestResult)[pri:0, instance:tests.LoginTest@3c41ed1d]" started-at="2026-05-05T18:59:49 IST" name="teardown" finished-at="2026-05-05T18:59:49 IST" duration-ms="31" status="PASS">
          <params>
            <param index="0">
              <value>
                <![CDATA[[TestResult name=Validatelogin status=SUCCESS method=LoginTest.Validatelogin()[pri:0, instance:tests.LoginTest@3c41ed1d] output={null}]]]>
              </value>
            </param>
          </params>
          <reporter-output>
          </reporter-output>
        </test-method> <!-- teardown -->
        <test-method is-config="true" signature="starttest(java.lang.reflect.Method)[pri:0, instance:tests.LoginTest@3c41ed1d]" started-at="2026-05-05T18:59:50 IST" name="starttest" finished-at="2026-05-05T18:59:50 IST" duration-ms="1" status="PASS">
          <params>
            <param index="0">
              <value>
                <![CDATA[public void tests.LoginTest.validatetitle()]]>
              </value>
            </param>
          </params>
          <reporter-output>
          </reporter-output>
        </test-method> <!-- starttest -->
        <test-method signature="validatetitle()[pri:1, instance:tests.LoginTest@3c41ed1d]" started-at="2026-05-05T18:59:50 IST" name="validatetitle" finished-at="2026-05-05T18:59:50 IST" duration-ms="30" status="PASS">
          <reporter-output>
          </reporter-output>
        </test-method> <!-- validatetitle -->
        <test-method is-config="true" signature="teardown(org.testng.ITestResult)[pri:0, instance:tests.LoginTest@3c41ed1d]" started-at="2026-05-05T18:59:50 IST" name="teardown" finished-at="2026-05-05T18:59:50 IST" duration-ms="1" status="PASS">
          <params>
            <param index="0">
              <value>
                <![CDATA[[TestResult name=validatetitle status=SUCCESS method=LoginTest.validatetitle()[pri:1, instance:tests.LoginTest@3c41ed1d] output={null}]]]>
              </value>
            </param>
          </params>
          <reporter-output>
          </reporter-output>
        </test-method> <!-- teardown -->
        <test-method is-config="true" signature="generateReport()[pri:0, instance:tests.LoginTest@3c41ed1d]" started-at="2026-05-05T19:00:02 IST" name="generateReport" finished-at="2026-05-05T19:00:05 IST" duration-ms="3592" status="PASS">
          <reporter-output>
          </reporter-output>
        </test-method> <!-- generateReport -->
      </class> <!-- tests.LoginTest -->
      <class name="tests.CartPageTest">
        <test-method is-config="true" signature="Setup()[pri:0, instance:tests.CartPageTest@6025e1b6]" started-at="2026-05-05T18:59:54 IST" name="Setup" finished-at="2026-05-05T19:00:00 IST" duration-ms="5873" status="PASS">
          <reporter-output>
          </reporter-output>
        </test-method> <!-- Setup -->
        <test-method is-config="true" signature="starttest(java.lang.reflect.Method)[pri:0, instance:tests.CartPageTest@6025e1b6]" started-at="2026-05-05T19:00:00 IST" name="starttest" finished-at="2026-05-05T19:00:00 IST" duration-ms="0" status="PASS">
          <params>
            <param index="0">
              <value>
                <![CDATA[public void tests.CartPageTest.validatecartpageTitle()]]>
              </value>
            </param>
          </params>
          <reporter-output>
          </reporter-output>
        </test-method> <!-- starttest -->
        <test-method signature="validatecartpageTitle()[pri:1, instance:tests.CartPageTest@6025e1b6]" started-at="2026-05-05T19:00:00 IST" name="validatecartpageTitle" finished-at="2026-05-05T19:00:01 IST" duration-ms="1328" status="PASS">
          <reporter-output>
          </reporter-output>
        </test-method> <!-- validatecartpageTitle -->
        <test-method is-config="true" signature="teardown(org.testng.ITestResult)[pri:0, instance:tests.CartPageTest@6025e1b6]" started-at="2026-05-05T19:00:01 IST" name="teardown" finished-at="2026-05-05T19:00:01 IST" duration-ms="1" status="PASS">
          <params>
            <param index="0">
              <value>
                <![CDATA[[TestResult name=validatecartpageTitle status=SUCCESS method=CartPageTest.validatecartpageTitle()[pri:1, instance:tests.CartPageTest@6025e1b6] output={null}]]]>
              </value>
            </param>
          </params>
          <reporter-output>
          </reporter-output>
        </test-method> <!-- teardown -->
        <test-method is-config="true" signature="starttest(java.lang.reflect.Method)[pri:0, instance:tests.CartPageTest@6025e1b6]" started-at="2026-05-05T19:00:01 IST" name="starttest" finished-at="2026-05-05T19:00:01 IST" duration-ms="1" status="PASS">
          <params>
            <param index="0">
              <value>
                <![CDATA[public void tests.CartPageTest.validateCartitemtitle()]]>
              </value>
            </param>
          </params>
          <reporter-output>
          </reporter-output>
        </test-method> <!-- starttest -->
        <test-method signature="validateCartitemtitle()[pri:2, instance:tests.CartPageTest@6025e1b6]" started-at="2026-05-05T19:00:01 IST" name="validateCartitemtitle" finished-at="2026-05-05T19:00:01 IST" duration-ms="62" status="PASS">
          <reporter-output>
          </reporter-output>
        </test-method> <!-- validateCartitemtitle -->
        <test-method is-config="true" signature="teardown(org.testng.ITestResult)[pri:0, instance:tests.CartPageTest@6025e1b6]" started-at="2026-05-05T19:00:01 IST" name="teardown" finished-at="2026-05-05T19:00:01 IST" duration-ms="4" status="PASS">
          <params>
            <param index="0">
              <value>
                <![CDATA[[TestResult name=validateCartitemtitle status=SUCCESS method=CartPageTest.validateCartitemtitle()[pri:2, instance:tests.CartPageTest@6025e1b6] output={null}]]]>
              </value>
            </param>
          </params>
          <reporter-output>
          </reporter-output>
        </test-method> <!-- teardown -->
        <test-method is-config="true" signature="starttest(java.lang.reflect.Method)[pri:0, instance:tests.CartPageTest@6025e1b6]" started-at="2026-05-05T19:00:01 IST" name="starttest" finished-at="2026-05-05T19:00:01 IST" duration-ms="3" status="PASS">
          <params>
            <param index="0">
              <value>
                <![CDATA[public void tests.CartPageTest.validateItemprice()]]>
              </value>
            </param>
          </params>
          <reporter-output>
          </reporter-output>
        </test-method> <!-- starttest -->
        <test-method signature="validateItemprice()[pri:3, instance:tests.CartPageTest@6025e1b6]" started-at="2026-05-05T19:00:01 IST" name="validateItemprice" finished-at="2026-05-05T19:00:01 IST" duration-ms="65" status="PASS">
          <reporter-output>
          </reporter-output>
        </test-method> <!-- validateItemprice -->
        <test-method is-config="true" signature="teardown(org.testng.ITestResult)[pri:0, instance:tests.CartPageTest@6025e1b6]" started-at="2026-05-05T19:00:01 IST" name="teardown" finished-at="2026-05-05T19:00:01 IST" duration-ms="2" status="PASS">
          <params>
            <param index="0">
              <value>
                <![CDATA[[TestResult name=validateItemprice status=SUCCESS method=CartPageTest.validateItemprice()[pri:3, instance:tests.CartPageTest@6025e1b6] output={null}]]]>
              </value>
            </param>
          </params>
          <reporter-output>
          </reporter-output>
        </test-method> <!-- teardown -->
        <test-method is-config="true" signature="starttest(java.lang.reflect.Method)[pri:0, instance:tests.CartPageTest@6025e1b6]" started-at="2026-05-05T19:00:01 IST" name="starttest" finished-at="2026-05-05T19:00:01 IST" duration-ms="2" status="PASS">
          <params>
            <param index="0">
              <value>
                <![CDATA[public void tests.CartPageTest.checkoutbuttonclick()]]>
              </value>
            </param>
          </params>
          <reporter-output>
          </reporter-output>
        </test-method> <!-- starttest -->
        <test-method signature="checkoutbuttonclick()[pri:4, instance:tests.CartPageTest@6025e1b6]" started-at="2026-05-05T19:00:01 IST" name="checkoutbuttonclick" finished-at="2026-05-05T19:00:02 IST" duration-ms="285" status="PASS">
          <reporter-output>
          </reporter-output>
        </test-method> <!-- checkoutbuttonclick -->
        <test-method is-config="true" signature="teardown(org.testng.ITestResult)[pri:0, instance:tests.CartPageTest@6025e1b6]" started-at="2026-05-05T19:00:02 IST" name="teardown" finished-at="2026-05-05T19:00:02 IST" duration-ms="1" status="PASS">
          <params>
            <param index="0">
              <value>
                <![CDATA[[TestResult name=checkoutbuttonclick status=SUCCESS method=CartPageTest.checkoutbuttonclick()[pri:4, instance:tests.CartPageTest@6025e1b6] output={null}]]]>
              </value>
            </param>
          </params>
          <reporter-output>
          </reporter-output>
        </test-method> <!-- teardown -->
      </class> <!-- tests.CartPageTest -->
      <class name="tests.ProductlistTest">
        <test-method is-config="true" signature="Setup()[pri:0, instance:tests.ProductlistTest@40a4337a]" started-at="2026-05-05T18:59:50 IST" name="Setup" finished-at="2026-05-05T18:59:53 IST" duration-ms="3411" status="PASS">
          <reporter-output>
          </reporter-output>
        </test-method> <!-- Setup -->
        <test-method is-config="true" signature="starttest(java.lang.reflect.Method)[pri:0, instance:tests.ProductlistTest@40a4337a]" started-at="2026-05-05T18:59:53 IST" name="starttest" finished-at="2026-05-05T18:59:53 IST" duration-ms="1" status="PASS">
          <params>
            <param index="0">
              <value>
                <![CDATA[public void tests.ProductlistTest.validateproductincart()]]>
              </value>
            </param>
          </params>
          <reporter-output>
          </reporter-output>
        </test-method> <!-- starttest -->
        <test-method signature="validateproductincart()[pri:0, instance:tests.ProductlistTest@40a4337a]" started-at="2026-05-05T18:59:53 IST" name="validateproductincart" finished-at="2026-05-05T18:59:54 IST" duration-ms="968" status="PASS">
          <reporter-output>
          </reporter-output>
        </test-method> <!-- validateproductincart -->
        <test-method is-config="true" signature="teardown(org.testng.ITestResult)[pri:0, instance:tests.ProductlistTest@40a4337a]" started-at="2026-05-05T18:59:54 IST" name="teardown" finished-at="2026-05-05T18:59:54 IST" duration-ms="1" status="PASS">
          <params>
            <param index="0">
              <value>
                <![CDATA[[TestResult name=validateproductincart status=SUCCESS method=ProductlistTest.validateproductincart()[pri:0, instance:tests.ProductlistTest@40a4337a] output={null}]]]>
              </value>
            </param>
          </params>
          <reporter-output>
          </reporter-output>
        </test-method> <!-- teardown -->
      </class> <!-- tests.ProductlistTest -->
    </test> <!-- Test -->
  </suite> <!-- Suite -->
</testng-results>
