<?xml version="1.0" encoding="UTF-8"?>
<!-- Generated by org.testng.reporters.JUnitXMLReporter -->
<testsuite ignored="2" hostname="DESKTOP-RI1QVUN" failures="0" tests="7" name="Regression Tests" time="20.697" errors="0" timestamp="2026-07-31T15:47:16 IST">
  <testcase classname="tests.LoginTest" name="Validatelogin" time="0.579"/>
  <testcase classname="tests.LoginTest" name="validatetitle" time="0.03"/>
  <testcase classname="tests.ProductlistTest" name="validateproductincart" time="1.158"/>
  <testcase classname="tests.CartPageTest" name="validatecartpageTitle" time="1.015"/>
  <testcase classname="tests.CartPageTest" name="validateCartitemtitle" time="0.03"/>
  <testcase classname="tests.CartPageTest" name="validateItemprice" time="0.028"/>
  <testcase classname="tests.CartPageTest" name="checkoutbuttonclick" time="0.177"/>
  <testcase classname="base.BaseTest" name="@AfterTest generateReport" time="0.0">
    <ignored/>
  </testcase> <!-- @AfterTest generateReport -->
  <testcase classname="base.BaseTest" name="@AfterTest generateReport" time="0.0">
    <ignored/>
  </testcase> <!-- @AfterTest generateReport -->
</testsuite> <!-- Regression Tests -->
