<?xml version="1.0" encoding="UTF-8"?>
<!-- Generated by org.testng.reporters.JUnitReportReporter -->
<testsuite hostname="DESKTOP-RI1QVUN" failures="0" tests="4" name="tests.CartPageTest" time="1.664" errors="0" timestamp="2026-07-31T19:01:02 IST" skipped="0">
  <testcase classname="tests.CartPageTest" name="validatecartpageTitle" time="1.380"/>
  <testcase classname="tests.CartPageTest" name="validateCartitemtitle" time="0.047"/>
  <testcase classname="tests.CartPageTest" name="validateItemprice" time="0.045"/>
  <testcase classname="tests.CartPageTest" name="checkoutbuttonclick" time="0.192"/>
</testsuite> <!-- tests.CartPageTest -->
