<?xml version="1.0" encoding="UTF-8"?>
<!-- Generated by org.testng.reporters.JUnitReportReporter -->
<testsuite hostname="DESKTOP-RI1QVUN" failures="0" tests="3" name="utlities.ExcelReaderUtility" time="0.026" errors="0" timestamp="2026-03-02T16:08:34 IST" skipped="0">
  <testcase classname="utlities.ExcelReaderUtility" name="demo" time="0.003"/>
  <testcase classname="utlities.ExcelReaderUtility" name="demo" time="0.015"/>
  <testcase classname="utlities.ExcelReaderUtility" name="demo" time="0.008"/>
</testsuite> <!-- utlities.ExcelReaderUtility -->
