<?xml version="1.0" encoding="UTF-8"?>
<!-- Generated by org.testng.reporters.JUnitReportReporter -->
<testsuite hostname="DESKTOP-RI1QVUN" failures="0" tests="4" name="tests.CartPageTest" time="1.210" errors="0" timestamp="2026-05-07T11:20:38 IST" skipped="0">
  <testcase classname="tests.CartPageTest" name="validatecartpageTitle" time="0.942"/>
  <testcase classname="tests.CartPageTest" name="validateCartitemtitle" time="0.031"/>
  <testcase classname="tests.CartPageTest" name="validateItemprice" time="0.029"/>
  <testcase classname="tests.CartPageTest" name="checkoutbuttonclick" time="0.208"/>
</testsuite> <!-- tests.CartPageTest -->
