<?xml version="1.0" encoding="UTF-8"?>
<!-- Generated by org.testng.reporters.JUnitReportReporter -->
<testsuite hostname="DESKTOP-RI1QVUN" failures="0" tests="4" name="tests.CartPageTest" time="1.371" errors="0" timestamp="2026-05-07T13:30:27 IST" skipped="0">
  <testcase classname="tests.CartPageTest" name="validatecartpageTitle" time="1.088"/>
  <testcase classname="tests.CartPageTest" name="validateCartitemtitle" time="0.042"/>
  <testcase classname="tests.CartPageTest" name="validateItemprice" time="0.052"/>
  <testcase classname="tests.CartPageTest" name="checkoutbuttonclick" time="0.189"/>
</testsuite> <!-- tests.CartPageTest -->
